27-May-2025 00:05:19.758 INFO [Thread-1] org.apache.coyote.AbstractProtocol.pause Pausing ProtocolHandler ["http-nio-8080"]
27-May-2025 00:05:19.759 INFO [Thread-1] org.apache.catalina.core.StandardService.stopInternal Stopping service [Catalina]
27-May-2025 00:05:19.766 INFO [Thread-1] org.apache.coyote.AbstractProtocol.stop Stopping ProtocolHandler ["http-nio-8080"]
27-May-2025 00:05:19.768 INFO [Thread-1] org.apache.coyote.AbstractProtocol.destroy Destroying ProtocolHandler ["http-nio-8080"]
27-May-2025 00:05:20.641 INFO [main] org.apache.catalina.startup.VersionLoggerListener.log Server version name:   Apache Tomcat/10.1.36
27-May-2025 00:05:20.643 INFO [main] org.apache.catalina.startup.VersionLoggerListener.log Server built:          Feb 13 2025 13:13:30 UTC
27-May-2025 00:05:20.643 INFO [main] org.apache.catalina.startup.VersionLoggerListener.log Server version number: 10.1.36.0
27-May-2025 00:05:20.643 INFO [main] org.apache.catalina.startup.VersionLoggerListener.log OS Name:               Mac OS X
27-May-2025 00:05:20.643 INFO [main] org.apache.catalina.startup.VersionLoggerListener.log OS Version:            15.5
27-May-2025 00:05:20.643 INFO [main] org.apache.catalina.startup.VersionLoggerListener.log Architecture:          aarch64
27-May-2025 00:05:20.643 INFO [main] org.apache.catalina.startup.VersionLoggerListener.log Java Home:             /Users/laz/Library/Java/JavaVirtualMachines/temurin-21.0.6/Contents/Home
27-May-2025 00:05:20.643 INFO [main] org.apache.catalina.startup.VersionLoggerListener.log JVM Version:           21.0.6+7-LTS
27-May-2025 00:05:20.643 INFO [main] org.apache.catalina.startup.VersionLoggerListener.log JVM Vendor:            Eclipse Adoptium
27-May-2025 00:05:20.643 INFO [main] org.apache.catalina.startup.VersionLoggerListener.log CATALINA_BASE:         /Users/laz/Documents/GitHub/ISDProject
27-May-2025 00:05:20.643 INFO [main] org.apache.catalina.startup.VersionLoggerListener.log CATALINA_HOME:         /Users/laz/Downloads/apache-tomcat-10.1.36
27-May-2025 00:05:20.647 INFO [main] org.apache.catalina.startup.VersionLoggerListener.log Command line argument: --add-opens=java.base/java.lang=ALL-UNNAMED
27-May-2025 00:05:20.647 INFO [main] org.apache.catalina.startup.VersionLoggerListener.log Command line argument: --add-opens=java.base/java.io=ALL-UNNAMED
27-May-2025 00:05:20.647 INFO [main] org.apache.catalina.startup.VersionLoggerListener.log Command line argument: --add-opens=java.base/java.util=ALL-UNNAMED
27-May-2025 00:05:20.647 INFO [main] org.apache.catalina.startup.VersionLoggerListener.log Command line argument: --add-opens=java.base/java.util.concurrent=ALL-UNNAMED
27-May-2025 00:05:20.647 INFO [main] org.apache.catalina.startup.VersionLoggerListener.log Command line argument: --add-opens=java.rmi/sun.rmi.transport=ALL-UNNAMED
27-May-2025 00:05:20.647 INFO [main] org.apache.catalina.startup.VersionLoggerListener.log Command line argument: -Dcatalina.home=/Users/laz/Downloads/apache-tomcat-10.1.36
27-May-2025 00:05:20.647 INFO [main] org.apache.catalina.startup.VersionLoggerListener.log Command line argument: -Dcatalina.base=/Users/laz/Documents/GitHub/ISDProject
27-May-2025 00:05:20.647 INFO [main] org.apache.catalina.startup.VersionLoggerListener.log Command line argument: -Djava.io.tmpdir=/Users/laz/Documents/GitHub/ISDProject/temp
27-May-2025 00:05:20.647 INFO [main] org.apache.catalina.startup.VersionLoggerListener.log Command line argument: -Djava.util.logging.config.file=/Users/laz/Documents/GitHub/ISDProject/conf/logging.properties
27-May-2025 00:05:20.647 INFO [main] org.apache.catalina.startup.VersionLoggerListener.log Command line argument: -Djava.util.logging.manager=org.apache.juli.ClassLoaderLogManager
27-May-2025 00:05:20.647 INFO [main] org.apache.catalina.startup.VersionLoggerListener.log Command line argument: -javaagent:/Applications/IntelliJ IDEA.app/Contents/lib/idea_rt.jar=52877
27-May-2025 00:05:20.647 INFO [main] org.apache.catalina.startup.VersionLoggerListener.log Command line argument: -Dfile.encoding=UTF-8
27-May-2025 00:05:20.647 INFO [main] org.apache.catalina.startup.VersionLoggerListener.log Command line argument: -Dsun.stdout.encoding=UTF-8
27-May-2025 00:05:20.647 INFO [main] org.apache.catalina.startup.VersionLoggerListener.log Command line argument: -Dsun.stderr.encoding=UTF-8
27-May-2025 00:05:20.652 INFO [main] org.apache.catalina.core.AprLifecycleListener.lifecycleEvent The Apache Tomcat Native library which allows using OpenSSL was not found on the java.library.path: [/Users/laz/Library/Java/Extensions:/Library/Java/Extensions:/Network/Library/Java/Extensions:/System/Library/Java/Extensions:/usr/lib/java:.]
27-May-2025 00:05:20.803 INFO [main] org.apache.coyote.AbstractProtocol.init Initializing ProtocolHandler ["http-nio-8080"]
27-May-2025 00:05:20.816 INFO [main] org.apache.catalina.startup.Catalina.load Server initialization in [242] milliseconds
27-May-2025 00:05:20.842 INFO [main] org.apache.catalina.core.StandardService.startInternal Starting service [Catalina]
27-May-2025 00:05:20.843 INFO [main] org.apache.catalina.core.StandardEngine.startInternal Starting Servlet engine: [Apache Tomcat/10.1.36]
27-May-2025 00:05:20.847 INFO [main] org.apache.catalina.startup.HostConfig.deployDescriptor Deploying deployment descriptor [/Users/laz/Documents/GitHub/ISDProject/conf/Catalina/localhost/ISDProject.xml]
27-May-2025 00:05:21.187 INFO [main] org.apache.jasper.servlet.TldScanner.scanJars At least one JAR was scanned for TLDs yet contained no TLDs. Enable debug logging for this logger for a complete list of JARs that were scanned but no TLDs were found in them. Skipping unneeded JARs during scanning can improve startup time and JSP compilation time.
27-May-2025 00:05:21.202 INFO [main] org.apache.catalina.startup.HostConfig.deployDescriptor Deployment of deployment descriptor [/Users/laz/Documents/GitHub/ISDProject/conf/Catalina/localhost/ISDProject.xml] has finished in [356] ms
27-May-2025 00:05:21.203 INFO [main] org.apache.coyote.AbstractProtocol.start Starting ProtocolHandler ["http-nio-8080"]
27-May-2025 00:05:21.207 INFO [main] org.apache.catalina.startup.Catalina.start Server startup in [390] milliseconds
